2016-09-25 14:44:39.912  INFO 7140 --- [main] ationConfigEmbeddedWebApplicationContext : Refreshing org.springframework.boot.context.embedded.AnnotationConfigEmbeddedWebApplicationContext@4722ef0c: startup date [Sun Sep 25 14:44:39 CDT 2016]; root of context hierarchy
2016-09-25 14:44:43.492  INFO 7140 --- [main] s.b.c.e.t.TomcatEmbeddedServletContainer : Tomcat initialized with port(s): 0 (http)
2016-09-25 14:44:43.518  INFO 7140 --- [main] o.apache.catalina.core.StandardService   : Starting service Tomcat
2016-09-25 14:44:43.520  INFO 7140 --- [main] org.apache.catalina.core.StandardEngine  : Starting Servlet Engine: Apache Tomcat/8.5.5
2016-09-25 14:44:43.953  INFO 7140 --- [localhost-startStop-1] o.a.c.c.C.[.[.[/eigen-challange]         : Initializing Spring embedded WebApplicationContext
2016-09-25 14:44:43.954  INFO 7140 --- [localhost-startStop-1] o.s.web.context.ContextLoader            : Root WebApplicationContext: initialization completed in 4047 ms
2016-09-25 14:44:44.257  INFO 7140 --- [localhost-startStop-1] o.s.b.w.servlet.ServletRegistrationBean  : Mapping servlet: 'dispatcherServlet' to [/]
2016-09-25 14:44:44.263  INFO 7140 --- [localhost-startStop-1] o.s.b.w.servlet.FilterRegistrationBean   : Mapping filter: 'characterEncodingFilter' to: [/*]
2016-09-25 14:44:44.264  INFO 7140 --- [localhost-startStop-1] o.s.b.w.servlet.FilterRegistrationBean   : Mapping filter: 'hiddenHttpMethodFilter' to: [/*]
2016-09-25 14:44:44.264  INFO 7140 --- [localhost-startStop-1] o.s.b.w.servlet.FilterRegistrationBean   : Mapping filter: 'httpPutFormContentFilter' to: [/*]
2016-09-25 14:44:44.264  INFO 7140 --- [localhost-startStop-1] o.s.b.w.servlet.FilterRegistrationBean   : Mapping filter: 'requestContextFilter' to: [/*]
2016-09-25 14:44:44.655  INFO 7140 --- [main] o.m.m.logging.MorphiaLoggerFactory       : LoggerImplFactory set to org.mongodb.morphia.logging.jdk.JDKLoggerFactory
2016-09-25 14:44:45.102  INFO 7140 --- [main] org.mongodb.driver.cluster               : Cluster created with settings {hosts=[127.0.0.1:27017], mode=SINGLE, requiredClusterType=UNKNOWN, serverSelectionTimeout='30000 ms', maxWaitQueueSize=500}
2016-09-25 14:44:45.211  INFO 7140 --- [cluster-ClusterId{value='57e8292d8e201b1be47af678', description='null'}-127.0.0.1:27017] org.mongodb.driver.connection            : Opened connection [connectionId{localValue:1, serverValue:60}] to 127.0.0.1:27017
2016-09-25 14:44:45.216  INFO 7140 --- [cluster-ClusterId{value='57e8292d8e201b1be47af678', description='null'}-127.0.0.1:27017] org.mongodb.driver.cluster               : Monitor thread successfully connected to server with description ServerDescription{address=127.0.0.1:27017, type=STANDALONE, state=CONNECTED, ok=true, version=ServerVersion{versionList=[3, 2, 9]}, minWireVersion=0, maxWireVersion=4, maxDocumentSize=16777216, roundTripTimeNanos=980800}
2016-09-25 14:44:45.387  INFO 7140 --- [main] s.w.s.m.m.a.RequestMappingHandlerAdapter : Looking for @ControllerAdvice: org.springframework.boot.context.embedded.AnnotationConfigEmbeddedWebApplicationContext@4722ef0c: startup date [Sun Sep 25 14:44:39 CDT 2016]; root of context hierarchy
2016-09-25 14:44:45.480  INFO 7140 --- [main] s.w.s.m.m.a.RequestMappingHandlerMapping : Mapped "{[/create/metric],methods=[POST]}" onto public com.iot.codechallenge.messages.DefaultResponse com.iot.codechallenge.controllers.MetricController.createMetric(com.iot.codechallenge.messages.MetricRequest)
2016-09-25 14:44:45.488  INFO 7140 --- [main] s.w.s.m.m.a.RequestMappingHandlerMapping : Mapped "{[/read/alerts],methods=[POST]}" onto public java.util.List<com.iot.codechallenge.domain.Alert> com.iot.codechallenge.controllers.SearchController.readAlertsByTimeRange(com.iot.codechallenge.messages.RangeRequest)
2016-09-25 14:44:45.489  INFO 7140 --- [main] s.w.s.m.m.a.RequestMappingHandlerMapping : Mapped "{[/read/metrics],methods=[POST]}" onto public java.util.List<com.iot.codechallenge.domain.Metric> com.iot.codechallenge.controllers.SearchController.readMetricsByTimeRange(com.iot.codechallenge.messages.RangeRequest)
2016-09-25 14:44:45.490  INFO 7140 --- [main] s.w.s.m.m.a.RequestMappingHandlerMapping : Mapped "{[/read/metrics],methods=[GET]}" onto public java.util.List<com.iot.codechallenge.domain.Metric> com.iot.codechallenge.controllers.SearchController.readMetrics()
2016-09-25 14:44:45.492  INFO 7140 --- [main] s.w.s.m.m.a.RequestMappingHandlerMapping : Mapped "{[/read/alerts],methods=[GET]}" onto public java.util.List<com.iot.codechallenge.domain.Alert> com.iot.codechallenge.controllers.SearchController.readAlerts()
2016-09-25 14:44:45.501  INFO 7140 --- [main] s.w.s.m.m.a.RequestMappingHandlerMapping : Mapped "{[/error]}" onto public org.springframework.http.ResponseEntity<java.util.Map<java.lang.String, java.lang.Object>> org.springframework.boot.autoconfigure.web.BasicErrorController.error(javax.servlet.http.HttpServletRequest)
2016-09-25 14:44:45.503  INFO 7140 --- [main] s.w.s.m.m.a.RequestMappingHandlerMapping : Mapped "{[/error],produces=[text/html]}" onto public org.springframework.web.servlet.ModelAndView org.springframework.boot.autoconfigure.web.BasicErrorController.errorHtml(javax.servlet.http.HttpServletRequest,javax.servlet.http.HttpServletResponse)
2016-09-25 14:44:45.562  INFO 7140 --- [main] o.s.w.s.handler.SimpleUrlHandlerMapping  : Mapped URL path [/webjars/**] onto handler of type [class org.springframework.web.servlet.resource.ResourceHttpRequestHandler]
2016-09-25 14:44:45.562  INFO 7140 --- [main] o.s.w.s.handler.SimpleUrlHandlerMapping  : Mapped URL path [/**] onto handler of type [class org.springframework.web.servlet.resource.ResourceHttpRequestHandler]
2016-09-25 14:44:45.625  INFO 7140 --- [main] o.s.w.s.handler.SimpleUrlHandlerMapping  : Mapped URL path [/**/favicon.ico] onto handler of type [class org.springframework.web.servlet.resource.ResourceHttpRequestHandler]
2016-09-25 14:44:45.716  INFO 7140 --- [main] org.mongodb.driver.cluster               : Cluster created with settings {hosts=[localhost:27017], mode=SINGLE, requiredClusterType=UNKNOWN, serverSelectionTimeout='30000 ms', maxWaitQueueSize=500}
2016-09-25 14:44:45.745  INFO 7140 --- [cluster-ClusterId{value='57e8292d8e201b1be47af679', description='null'}-localhost:27017] org.mongodb.driver.connection            : Opened connection [connectionId{localValue:2, serverValue:61}] to localhost:27017
2016-09-25 14:44:45.748  INFO 7140 --- [cluster-ClusterId{value='57e8292d8e201b1be47af679', description='null'}-localhost:27017] org.mongodb.driver.cluster               : Monitor thread successfully connected to server with description ServerDescription{address=localhost:27017, type=STANDALONE, state=CONNECTED, ok=true, version=ServerVersion{versionList=[3, 2, 9]}, minWireVersion=0, maxWireVersion=4, maxDocumentSize=16777216, roundTripTimeNanos=2147991}
2016-09-25 14:44:46.001  INFO 7140 --- [main] s.b.c.e.t.TomcatEmbeddedServletContainer : Tomcat started on port(s): 51616 (http)
2016-09-25 14:44:46.455  INFO 7140 --- [http-nio-auto-1-exec-1] o.a.c.c.C.[.[.[/eigen-challange]         : Initializing Spring FrameworkServlet 'dispatcherServlet'
2016-09-25 14:44:46.455  INFO 7140 --- [http-nio-auto-1-exec-1] o.s.web.servlet.DispatcherServlet        : FrameworkServlet 'dispatcherServlet': initialization started
2016-09-25 14:44:46.490  INFO 7140 --- [http-nio-auto-1-exec-1] o.s.web.servlet.DispatcherServlet        : FrameworkServlet 'dispatcherServlet': initialization completed in 34 ms
2016-09-25 14:44:46.738  INFO 7140 --- [Thread-2] ationConfigEmbeddedWebApplicationContext : Closing org.springframework.boot.context.embedded.AnnotationConfigEmbeddedWebApplicationContext@4722ef0c: startup date [Sun Sep 25 14:44:39 CDT 2016]; root of context hierarchy
2016-09-25 14:45:15.932  INFO 18724 --- [main] ationConfigEmbeddedWebApplicationContext : Refreshing org.springframework.boot.context.embedded.AnnotationConfigEmbeddedWebApplicationContext@7f3b84b8: startup date [Sun Sep 25 14:45:15 CDT 2016]; root of context hierarchy
2016-09-25 14:45:18.736  INFO 18724 --- [main] s.b.c.e.t.TomcatEmbeddedServletContainer : Tomcat initialized with port(s): 8080 (http)
2016-09-25 14:45:18.767  INFO 18724 --- [main] o.apache.catalina.core.StandardService   : Starting service Tomcat
2016-09-25 14:45:18.769  INFO 18724 --- [main] org.apache.catalina.core.StandardEngine  : Starting Servlet Engine: Apache Tomcat/8.5.5
2016-09-25 14:45:19.030  INFO 18724 --- [localhost-startStop-1] o.a.c.c.C.[.[.[/eigen-challange]         : Initializing Spring embedded WebApplicationContext
2016-09-25 14:45:19.031  INFO 18724 --- [localhost-startStop-1] o.s.web.context.ContextLoader            : Root WebApplicationContext: initialization completed in 3106 ms
2016-09-25 14:45:19.387  INFO 18724 --- [localhost-startStop-1] o.s.b.w.servlet.ServletRegistrationBean  : Mapping servlet: 'dispatcherServlet' to [/]
2016-09-25 14:45:19.394  INFO 18724 --- [localhost-startStop-1] o.s.b.w.servlet.FilterRegistrationBean   : Mapping filter: 'characterEncodingFilter' to: [/*]
2016-09-25 14:45:19.395  INFO 18724 --- [localhost-startStop-1] o.s.b.w.servlet.FilterRegistrationBean   : Mapping filter: 'hiddenHttpMethodFilter' to: [/*]
2016-09-25 14:45:19.396  INFO 18724 --- [localhost-startStop-1] o.s.b.w.servlet.FilterRegistrationBean   : Mapping filter: 'httpPutFormContentFilter' to: [/*]
2016-09-25 14:45:19.397  INFO 18724 --- [localhost-startStop-1] o.s.b.w.servlet.FilterRegistrationBean   : Mapping filter: 'requestContextFilter' to: [/*]
2016-09-25 14:45:19.564  INFO 18724 --- [main] o.m.m.logging.MorphiaLoggerFactory       : LoggerImplFactory set to org.mongodb.morphia.logging.jdk.JDKLoggerFactory
2016-09-25 14:45:20.034  INFO 18724 --- [main] org.mongodb.driver.cluster               : Cluster created with settings {hosts=[127.0.0.1:27017], mode=SINGLE, requiredClusterType=UNKNOWN, serverSelectionTimeout='30000 ms', maxWaitQueueSize=500}
2016-09-25 14:45:20.147  INFO 18724 --- [cluster-ClusterId{value='57e829508e201b4924f94667', description='null'}-127.0.0.1:27017] org.mongodb.driver.connection            : Opened connection [connectionId{localValue:1, serverValue:62}] to 127.0.0.1:27017
2016-09-25 14:45:20.149  INFO 18724 --- [cluster-ClusterId{value='57e829508e201b4924f94667', description='null'}-127.0.0.1:27017] org.mongodb.driver.cluster               : Monitor thread successfully connected to server with description ServerDescription{address=127.0.0.1:27017, type=STANDALONE, state=CONNECTED, ok=true, version=ServerVersion{versionList=[3, 2, 9]}, minWireVersion=0, maxWireVersion=4, maxDocumentSize=16777216, roundTripTimeNanos=1232468}
2016-09-25 14:45:20.565  INFO 18724 --- [main] s.w.s.m.m.a.RequestMappingHandlerAdapter : Looking for @ControllerAdvice: org.springframework.boot.context.embedded.AnnotationConfigEmbeddedWebApplicationContext@7f3b84b8: startup date [Sun Sep 25 14:45:15 CDT 2016]; root of context hierarchy
2016-09-25 14:45:20.649  INFO 18724 --- [main] s.w.s.m.m.a.RequestMappingHandlerMapping : Mapped "{[/create/metric],methods=[POST]}" onto public com.iot.codechallenge.messages.DefaultResponse com.iot.codechallenge.controllers.MetricController.createMetric(com.iot.codechallenge.messages.MetricRequest)
2016-09-25 14:45:20.656  INFO 18724 --- [main] s.w.s.m.m.a.RequestMappingHandlerMapping : Mapped "{[/read/metrics],methods=[GET]}" onto public java.util.List<com.iot.codechallenge.domain.Metric> com.iot.codechallenge.controllers.SearchController.readMetrics()
2016-09-25 14:45:20.656  INFO 18724 --- [main] s.w.s.m.m.a.RequestMappingHandlerMapping : Mapped "{[/read/alerts],methods=[GET]}" onto public java.util.List<com.iot.codechallenge.domain.Alert> com.iot.codechallenge.controllers.SearchController.readAlerts()
2016-09-25 14:45:20.656  INFO 18724 --- [main] s.w.s.m.m.a.RequestMappingHandlerMapping : Mapped "{[/read/metrics],methods=[POST]}" onto public java.util.List<com.iot.codechallenge.domain.Metric> com.iot.codechallenge.controllers.SearchController.readMetricsByTimeRange(com.iot.codechallenge.messages.RangeRequest)
2016-09-25 14:45:20.657  INFO 18724 --- [main] s.w.s.m.m.a.RequestMappingHandlerMapping : Mapped "{[/read/alerts],methods=[POST]}" onto public java.util.List<com.iot.codechallenge.domain.Alert> com.iot.codechallenge.controllers.SearchController.readAlertsByTimeRange(com.iot.codechallenge.messages.RangeRequest)
2016-09-25 14:45:20.661  INFO 18724 --- [main] s.w.s.m.m.a.RequestMappingHandlerMapping : Mapped "{[/error]}" onto public org.springframework.http.ResponseEntity<java.util.Map<java.lang.String, java.lang.Object>> org.springframework.boot.autoconfigure.web.BasicErrorController.error(javax.servlet.http.HttpServletRequest)
2016-09-25 14:45:20.662  INFO 18724 --- [main] s.w.s.m.m.a.RequestMappingHandlerMapping : Mapped "{[/error],produces=[text/html]}" onto public org.springframework.web.servlet.ModelAndView org.springframework.boot.autoconfigure.web.BasicErrorController.errorHtml(javax.servlet.http.HttpServletRequest,javax.servlet.http.HttpServletResponse)
2016-09-25 14:45:20.743  INFO 18724 --- [main] o.s.w.s.handler.SimpleUrlHandlerMapping  : Mapped URL path [/webjars/**] onto handler of type [class org.springframework.web.servlet.resource.ResourceHttpRequestHandler]
2016-09-25 14:45:20.744  INFO 18724 --- [main] o.s.w.s.handler.SimpleUrlHandlerMapping  : Mapped URL path [/**] onto handler of type [class org.springframework.web.servlet.resource.ResourceHttpRequestHandler]
2016-09-25 14:45:20.873  INFO 18724 --- [main] o.s.w.s.handler.SimpleUrlHandlerMapping  : Mapped URL path [/**/favicon.ico] onto handler of type [class org.springframework.web.servlet.resource.ResourceHttpRequestHandler]
2016-09-25 14:45:21.092  INFO 18724 --- [main] org.mongodb.driver.cluster               : Cluster created with settings {hosts=[localhost:27017], mode=SINGLE, requiredClusterType=UNKNOWN, serverSelectionTimeout='30000 ms', maxWaitQueueSize=500}
2016-09-25 14:45:21.107  INFO 18724 --- [cluster-ClusterId{value='57e829518e201b4924f94668', description='null'}-localhost:27017] org.mongodb.driver.connection            : Opened connection [connectionId{localValue:2, serverValue:63}] to localhost:27017
2016-09-25 14:45:21.113  INFO 18724 --- [cluster-ClusterId{value='57e829518e201b4924f94668', description='null'}-localhost:27017] org.mongodb.driver.cluster               : Monitor thread successfully connected to server with description ServerDescription{address=localhost:27017, type=STANDALONE, state=CONNECTED, ok=true, version=ServerVersion{versionList=[3, 2, 9]}, minWireVersion=0, maxWireVersion=4, maxDocumentSize=16777216, roundTripTimeNanos=5079308}
2016-09-25 14:45:21.297  INFO 18724 --- [main] o.s.j.e.a.AnnotationMBeanExporter        : Registering beans for JMX exposure on startup
2016-09-25 14:45:21.455  INFO 18724 --- [main] s.b.c.e.t.TomcatEmbeddedServletContainer : Tomcat started on port(s): 8080 (http)
2016-09-25 14:45:33.890  INFO 18724 --- [http-nio-8080-exec-1] o.a.c.c.C.[.[.[/eigen-challange]         : Initializing Spring FrameworkServlet 'dispatcherServlet'
2016-09-25 14:45:33.890  INFO 18724 --- [http-nio-8080-exec-1] o.s.web.servlet.DispatcherServlet        : FrameworkServlet 'dispatcherServlet': initialization started
2016-09-25 14:45:33.915  INFO 18724 --- [http-nio-8080-exec-1] o.s.web.servlet.DispatcherServlet        : FrameworkServlet 'dispatcherServlet': initialization completed in 25 ms
2016-09-25 14:45:34.038  INFO 18724 --- [http-nio-8080-exec-1] org.mongodb.driver.connection            : Opened connection [connectionId{localValue:3, serverValue:64}] to 127.0.0.1:27017
2016-09-25 14:48:38.216  INFO 18724 --- [RMI TCP Connection(2)-10.0.0.234] inMXBeanRegistrar$SpringApplicationAdmin : Application shutdown requested.
2016-09-25 14:48:38.217  INFO 18724 --- [RMI TCP Connection(2)-10.0.0.234] ationConfigEmbeddedWebApplicationContext : Closing org.springframework.boot.context.embedded.AnnotationConfigEmbeddedWebApplicationContext@7f3b84b8: startup date [Sun Sep 25 14:45:15 CDT 2016]; root of context hierarchy
2016-09-25 14:48:38.226  INFO 18724 --- [RMI TCP Connection(2)-10.0.0.234] o.s.j.e.a.AnnotationMBeanExporter        : Unregistering JMX-exposed beans on shutdown
